23/11/2018 00:40:20.042 - [INFO] - ADVISOR LOGIN(COMPA1234)
23/11/2018 00:40:28.090 - [INFO] - METHOD[addCourse]; PARAMETERS[COMPA1234, COMP6231, FALL, 2]; STATUS[true]; SERVER_MESSAGE[]
23/11/2018 00:40:41.988 - [INFO] - METHOD[addCourse]; PARAMETERS[COMPA1234, COMP6221, FALL, 3]; STATUS[true]; SERVER_MESSAGE[]
23/11/2018 00:40:48.788 - [INFO] - METHOD[listCourseAvailability]; PARAMETERS[COMPA1234, FALL]; STATUS[true]; SERVER_MESSAGE[{}]
23/11/2018 00:42:41.706 - [INFO] - METHOD[listCourseAvailability]; PARAMETERS[COMPA1234, FALL]; STATUS[true]; SERVER_MESSAGE[{}]
23/11/2018 00:43:26.656 - [INFO] - METHOD[listCourseAvailability]; PARAMETERS[COMPA1234, FALL]; STATUS[true]; SERVER_MESSAGE[{}]
23/11/2018 07:23:52.640 - [INFO] - ADVISOR LOGIN(COMPA1234)
23/11/2018 07:24:07.427 - [INFO] - METHOD[addCourse]; PARAMETERS[COMPA1234, COMP6231, FALL, 2]; STATUS[true]; SERVER_MESSAGE[]
23/11/2018 07:25:34.939 - [INFO] - ADVISOR LOGIN(COMPA1234)
23/11/2018 07:25:42.842 - [INFO] - METHOD[addCourse]; PARAMETERS[COMPA1234, COMP6231, FALL, 2]; STATUS[false]; SERVER_MESSAGE[]
23/11/2018 08:44:56.717 - [INFO] - ADVISOR LOGIN(COMPA1234)
23/11/2018 08:45:04.863 - [INFO] - METHOD[addCourse]; PARAMETERS[COMPA1234, COMP6231, FALL, 2]; STATUS[true]; SERVER_MESSAGE[]
23/11/2018 08:45:11.825 - [INFO] - METHOD[listCourseAvailability]; PARAMETERS[COMPA1234, FALL]; STATUS[true]; SERVER_MESSAGE[{COMP6231=2}]
23/11/2018 08:45:27.045 - [INFO] - METHOD[listCourseAvailability]; PARAMETERS[COMPA1234, WINTER]; STATUS[true]; SERVER_MESSAGE[{}]
23/11/2018 08:45:35.186 - [INFO] - METHOD[listCourseAvailability]; PARAMETERS[COMPA1234, FALL]; STATUS[true]; SERVER_MESSAGE[{COMP6231=2}]
23/11/2018 21:49:10.224 - [INFO] - ADVISOR LOGIN(COMPA1234)
23/11/2018 21:49:20.070 - [INFO] - METHOD[addCourse]; PARAMETERS[COMPA1234, COMP6231, FALL, 2]; STATUS[true]; SERVER_MESSAGE[]
23/11/2018 21:49:27.024 - [INFO] - METHOD[listCourseAvailability]; PARAMETERS[COMPA1234, FALL]; STATUS[true]; SERVER_MESSAGE[{COMP6231=2}]
23/11/2018 21:49:47.864 - [INFO] - METHOD[enrolCourse]; PARAMETERS[COMPS4444, COMP6231, FALL]; STATUS[true]; SERVER_MESSAGE[Enrollment Successful.]
23/11/2018 21:50:10.913 - [INFO] - METHOD[getClassSchedule]; PARAMETERS[COMPS4444]; STATUS[true]; SERVER_MESSAGE[{FALL=[]}]
23/11/2018 21:50:56.432 - [INFO] - METHOD[listCourseAvailability]; PARAMETERS[COMPA1234, FALL]; STATUS[true]; SERVER_MESSAGE[{COMP6231=1}]
23/11/2018 21:51:13.566 - [INFO] - METHOD[getClassSchedule]; PARAMETERS[COMPS4444]; STATUS[true]; SERVER_MESSAGE[{FALL=[]}]
23/11/2018 21:53:05.168 - [INFO] - METHOD[getClassSchedule]; PARAMETERS[COMPS4444]; STATUS[true]; SERVER_MESSAGE[{FALL=[]}]
23/11/2018 23:00:45.162 - [INFO] - ADVISOR LOGIN(COMPA1234)
23/11/2018 23:00:52.669 - [INFO] - METHOD[addCourse]; PARAMETERS[COMPA1234, COMP6231, FALL, 2]; STATUS[true]; SERVER_MESSAGE[]
23/11/2018 23:01:03.708 - [INFO] - METHOD[addCourse]; PARAMETERS[COMPA1234, COMP6221, SUMMER, 3]; STATUS[true]; SERVER_MESSAGE[]
23/11/2018 23:01:10.579 - [INFO] - METHOD[listCourseAvailability]; PARAMETERS[COMPA1234, SUMMER]; STATUS[true]; SERVER_MESSAGE[{COMP6221=3}]
23/11/2018 23:01:14.384 - [INFO] - METHOD[listCourseAvailability]; PARAMETERS[COMPA1234, FALL]; STATUS[true]; SERVER_MESSAGE[{COMP6231=2}]
23/11/2018 23:01:37.541 - [INFO] - METHOD[enrolCourse]; PARAMETERS[COMPS4444, COMP6221, SUMMER]; STATUS[true]; SERVER_MESSAGE[Enrollment Successful.]
23/11/2018 23:05:04.170 - [INFO] - ADVISOR LOGIN(COMPA1234)
23/11/2018 23:05:10.913 - [INFO] - METHOD[addCourse]; PARAMETERS[COMPA1234, COMP6231, FALL, 2]; STATUS[true]; SERVER_MESSAGE[]
23/11/2018 23:05:18.799 - [INFO] - METHOD[addCourse]; PARAMETERS[COMPA1234, COMP6221, SUMMER, 5]; STATUS[true]; SERVER_MESSAGE[]
23/11/2018 23:05:23.210 - [INFO] - METHOD[listCourseAvailability]; PARAMETERS[COMPA1234, FALL]; STATUS[true]; SERVER_MESSAGE[{COMP6231=2}]
23/11/2018 23:05:27.877 - [INFO] - METHOD[listCourseAvailability]; PARAMETERS[COMPA1234, SUMMER]; STATUS[true]; SERVER_MESSAGE[{COMP6221=5}]
23/11/2018 23:05:46.426 - [INFO] - METHOD[enrolCourse]; PARAMETERS[COMPS4444, COMP6231, FALL]; STATUS[true]; SERVER_MESSAGE[Enrollment Successful.]
23/11/2018 23:06:09.286 - [INFO] - METHOD[enrolCourse]; PARAMETERS[COMPS4444, COMP6221, SUMMER]; STATUS[true]; SERVER_MESSAGE[Enrollment Successful.]
23/11/2018 23:06:19.425 - [INFO] - METHOD[getClassSchedule]; PARAMETERS[COMPS4444]; STATUS[true]; SERVER_MESSAGE[{FALL=[COMP6231], SUMMER=[COMP6221]}]
23/11/2018 23:13:10.811 - [INFO] - ADVISOR LOGIN(COMPA1234)
23/11/2018 23:13:22.208 - [INFO] - METHOD[addCourse]; PARAMETERS[COMPA1234, COMP6231, FALL, 2]; STATUS[true]; SERVER_MESSAGE[]
23/11/2018 23:13:36.064 - [INFO] - METHOD[enrolCourse]; PARAMETERS[COMPS4444, COMP6231, FALL]; STATUS[true]; SERVER_MESSAGE[Enrollment Successful.]
23/11/2018 23:14:15.884 - [INFO] - METHOD[addCourse]; PARAMETERS[COMPA1234, COMP6221, FALL, 2]; STATUS[true]; SERVER_MESSAGE[]
23/11/2018 23:14:27.107 - [INFO] - METHOD[enrolCourse]; PARAMETERS[COMPS4444, COMP6221, FALL]; STATUS[true]; SERVER_MESSAGE[Enrollment Successful.]
23/11/2018 23:15:09.608 - [INFO] - METHOD[swapCourse]; PARAMETERS[COMPS4444, INSE6231, COMP6221]; STATUS[true]; SERVER_MESSAGE[swapCourse successfully]
23/11/2018 23:15:17.061 - [INFO] - METHOD[getClassSchedule]; PARAMETERS[COMPS4444]; STATUS[true]; SERVER_MESSAGE[{FALL=[COMP6231, INSE6231]}]
23/11/2018 23:15:23.462 - [INFO] - METHOD[listCourseAvailability]; PARAMETERS[COMPA1234, FALL]; STATUS[true]; SERVER_MESSAGE[{INSE6231=3, COMP6231=1, COMP6221=2}]
23/11/2018 23:16:45.205 - [INFO] - METHOD[listCourseAvailability]; PARAMETERS[COMPA1234, FALL]; STATUS[true]; SERVER_MESSAGE[{INSE6231=4, COMP6231=1, COMP6221=2}]
23/11/2018 23:17:11.578 - [INFO] - METHOD[listCourseAvailability]; PARAMETERS[COMPA1234, FALL]; STATUS[true]; SERVER_MESSAGE[{INSE6231=4, COMP6231=2, COMP6221=2}]
